<?xml version="1.0" encoding="UTF-8"?>
<!-- Generated by org.testng.reporters.JUnitReportReporter -->
<testsuite hostname="LDNY7XT2" failures="0" tests="1" name="com.qa.test.DemoTest" time="0.015" errors="0" timestamp="2022-08-23T21:42:51 IST" skipped="0">
  <testcase classname="com.qa.test.DemoTest" name="sum" time="0.015"/>
  <system-out/>
</testsuite> <!-- com.qa.test.DemoTest -->
