<?xml version="1.0" encoding="UTF-8"?>
<!-- Generated by org.testng.reporters.JUnitReportReporter -->
<testsuite hostname="LDNY7XT2" failures="0" tests="3" name="com.qa.test.DemoTest" time="0.009" errors="0" timestamp="2022-08-23T22:38:11 IST" skipped="0">
  <testcase classname="com.qa.test.DemoTest" name="sum" time="0.000"/>
  <system-out/>
  <testcase classname="com.qa.test.DemoTest" name="sub" time="0.001"/>
  <system-out/>
  <testcase classname="com.qa.test.DemoTest" name="multi" time="0.008"/>
  <system-out/>
</testsuite> <!-- com.qa.test.DemoTest -->
